2024-11-19 21:13:53,238 [INFO] 成功加载配置文件
2024-11-19 21:14:05,539 [INFO] 获取到Cash文本: Cash: $833.13
2024-11-19 21:14:05,540 [INFO] 提取到Cash值: 833.13
2024-11-19 21:14:05,541 [INFO] 金额更新完成
2024-11-19 21:14:41,401 [INFO] Yes 0价格匹配，执行自动交易
2024-11-19 21:14:49,439 [INFO] MetaMask 扩展弹窗操作完成
2024-11-19 21:15:00,742 [INFO] No 1价格匹配，执行自动交易
2024-11-19 21:15:09,868 [INFO] MetaMask 扩展弹窗操作完成
2024-11-19 21:15:27,894 [INFO] Yes 2价格匹配，执行自动交易
2024-11-19 21:15:36,478 [INFO] MetaMask 扩展弹窗操作完成
2024-11-19 21:20:06,432 [INFO] 获取到Cash文本: Cash: $829.13
2024-11-19 21:20:06,432 [INFO] 提取到Cash值: 829.13
2024-11-19 21:20:06,432 [INFO] 金额更新完成
2024-11-19 21:20:26,247 [INFO] No 3价格匹配，执行自动交易
2024-11-19 21:20:35,373 [INFO] MetaMask 扩展弹窗操作完成
2024-11-19 21:20:52,536 [INFO] Yes 4价格匹配，执行自动交易
2024-11-19 21:21:01,015 [INFO] MetaMask 扩展弹窗操作完成
2024-11-19 21:23:34,962 [INFO] 获取到Cash文本: Cash: $826.13
2024-11-19 21:23:34,962 [INFO] 提取到Cash值: 826.13
2024-11-19 21:23:34,962 [INFO] 金额更新完成
