2024-11-23 10:00:13,491 [INFO] 成功加载配置文件
2024-11-23 10:00:35,851 [INFO] 获取到Cash文本: Cash: $629.74
2024-11-23 10:00:35,852 [INFO] 提取到Cash值: 629.74
2024-11-23 10:00:35,852 [INFO] 金额更新完成
2024-11-23 10:00:49,395 [WARNING] Connection pool is full, discarding connection: localhost. Connection pool size: 1
2024-11-23 10:01:01,637 [ERROR] 点击按钮超时: Buy-Confirm
Traceback (most recent call last):
  File "/Users/wuwei14/polymarket_v1.0/crypto_trader.py", line 1112, in click_website_button
    button = WebDriverWait(self.driver, 10).until(
  File "/Users/wuwei14/polymarket_v1.0/venv/lib/python3.9/site-packages/selenium/webdriver/support/wait.py", line 105, in until
    raise TimeoutException(message, screen, stacktrace)
selenium.common.exceptions.TimeoutException: Message: 
Stacktrace:
0   chromedriver                        0x0000000102883ac4 cxxbridge1$str$ptr + 3651580
1   chromedriver                        0x000000010287c314 cxxbridge1$str$ptr + 3620940
2   chromedriver                        0x00000001022e44b4 cxxbridge1$string$len + 89224
3   chromedriver                        0x0000000102328898 cxxbridge1$string$len + 368748
4   chromedriver                        0x00000001023620fc cxxbridge1$string$len + 604368
5   chromedriver                        0x000000010231d0b0 cxxbridge1$string$len + 321668
6   chromedriver                        0x000000010231dd00 cxxbridge1$string$len + 324820
7   chromedriver                        0x000000010284ee08 cxxbridge1$str$ptr + 3435328
8   chromedriver                        0x0000000102852120 cxxbridge1$str$ptr + 3448408
9   chromedriver                        0x000000010283617c cxxbridge1$str$ptr + 3333812
10  chromedriver                        0x00000001028529e0 cxxbridge1$str$ptr + 3450648
11  chromedriver                        0x0000000102827988 cxxbridge1$str$ptr + 3274432
12  chromedriver                        0x000000010286d0f4 cxxbridge1$str$ptr + 3558956
13  chromedriver                        0x000000010286d270 cxxbridge1$str$ptr + 3559336
14  chromedriver                        0x000000010287bf88 cxxbridge1$str$ptr + 3620032
15  libsystem_pthread.dylib             0x000000018a42ef94 _pthread_start + 136
16  libsystem_pthread.dylib             0x000000018a429d34 thread_start + 8

2024-11-23 10:01:11,376 [WARNING] Connection pool is full, discarding connection: localhost. Connection pool size: 1
2024-11-23 10:01:26,427 [ERROR] 点击 Positions-Sell-No 按钮失败: Message: 
Stacktrace:
0   chromedriver                        0x0000000102883ac4 cxxbridge1$str$ptr + 3651580
1   chromedriver                        0x000000010287c314 cxxbridge1$str$ptr + 3620940
2   chromedriver                        0x00000001022e44b4 cxxbridge1$string$len + 89224
3   chromedriver                        0x0000000102328898 cxxbridge1$string$len + 368748
4   chromedriver                        0x00000001023620fc cxxbridge1$string$len + 604368
5   chromedriver                        0x000000010231d0b0 cxxbridge1$string$len + 321668
6   chromedriver                        0x000000010231dd00 cxxbridge1$string$len + 324820
7   chromedriver                        0x000000010284ee08 cxxbridge1$str$ptr + 3435328
8   chromedriver                        0x0000000102852120 cxxbridge1$str$ptr + 3448408
9   chromedriver                        0x000000010283617c cxxbridge1$str$ptr + 3333812
10  chromedriver                        0x00000001028529e0 cxxbridge1$str$ptr + 3450648
11  chromedriver                        0x0000000102827988 cxxbridge1$str$ptr + 3274432
12  chromedriver                        0x000000010286d0f4 cxxbridge1$str$ptr + 3558956
13  chromedriver                        0x000000010286d270 cxxbridge1$str$ptr + 3559336
14  chromedriver                        0x000000010287bf88 cxxbridge1$str$ptr + 3620032
15  libsystem_pthread.dylib             0x000000018a42ef94 _pthread_start + 136
16  libsystem_pthread.dylib             0x000000018a429d34 thread_start + 8
Traceback (most recent call last):
  File "/Users/wuwei14/polymarket_v1.0/crypto_trader.py", line 1168, in click_position_sell_no
    button = WebDriverWait(self.driver, 5).until(
  File "/Users/wuwei14/polymarket_v1.0/venv/lib/python3.9/site-packages/selenium/webdriver/support/wait.py", line 105, in until
    raise TimeoutException(message, screen, stacktrace)
selenium.common.exceptions.TimeoutException: Message: 
Stacktrace:
0   chromedriver                        0x0000000102883ac4 cxxbridge1$str$ptr + 3651580
1   chromedriver                        0x000000010287c314 cxxbridge1$str$ptr + 3620940
2   chromedriver                        0x00000001022e44b4 cxxbridge1$string$len + 89224
3   chromedriver                        0x0000000102328898 cxxbridge1$string$len + 368748
4   chromedriver                        0x00000001023620fc cxxbridge1$string$len + 604368
5   chromedriver                        0x000000010231d0b0 cxxbridge1$string$len + 321668
6   chromedriver                        0x000000010231dd00 cxxbridge1$string$len + 324820
7   chromedriver                        0x000000010284ee08 cxxbridge1$str$ptr + 3435328
8   chromedriver                        0x0000000102852120 cxxbridge1$str$ptr + 3448408
9   chromedriver                        0x000000010283617c cxxbridge1$str$ptr + 3333812
10  chromedriver                        0x00000001028529e0 cxxbridge1$str$ptr + 3450648
11  chromedriver                        0x0000000102827988 cxxbridge1$str$ptr + 3274432
12  chromedriver                        0x000000010286d0f4 cxxbridge1$str$ptr + 3558956
13  chromedriver                        0x000000010286d270 cxxbridge1$str$ptr + 3559336
14  chromedriver                        0x000000010287bf88 cxxbridge1$str$ptr + 3620032
15  libsystem_pthread.dylib             0x000000018a42ef94 _pthread_start + 136
16  libsystem_pthread.dylib             0x000000018a429d34 thread_start + 8

2024-11-23 10:01:26,427 [ERROR] 点击 Positions-Sell-No 按钮失败: Message: 
Stacktrace:
0   chromedriver                        0x0000000102883ac4 cxxbridge1$str$ptr + 3651580
1   chromedriver                        0x000000010287c314 cxxbridge1$str$ptr + 3620940
2   chromedriver                        0x00000001022e44b4 cxxbridge1$string$len + 89224
3   chromedriver                        0x0000000102328898 cxxbridge1$string$len + 368748
4   chromedriver                        0x00000001023620fc cxxbridge1$string$len + 604368
5   chromedriver                        0x000000010231d0b0 cxxbridge1$string$len + 321668
6   chromedriver                        0x000000010231dd00 cxxbridge1$string$len + 324820
7   chromedriver                        0x000000010284ee08 cxxbridge1$str$ptr + 3435328
8   chromedriver                        0x0000000102852120 cxxbridge1$str$ptr + 3448408
9   chromedriver                        0x000000010283617c cxxbridge1$str$ptr + 3333812
10  chromedriver                        0x00000001028529e0 cxxbridge1$str$ptr + 3450648
11  chromedriver                        0x0000000102827988 cxxbridge1$str$ptr + 3274432
12  chromedriver                        0x000000010286d0f4 cxxbridge1$str$ptr + 3558956
13  chromedriver                        0x000000010286d270 cxxbridge1$str$ptr + 3559336
14  chromedriver                        0x000000010287bf88 cxxbridge1$str$ptr + 3620032
15  libsystem_pthread.dylib             0x000000018a42ef94 _pthread_start + 136
16  libsystem_pthread.dylib             0x000000018a429d34 thread_start + 8
Traceback (most recent call last):
  File "/Users/wuwei14/polymarket_v1.0/crypto_trader.py", line 1168, in click_position_sell_no
    button = WebDriverWait(self.driver, 5).until(
  File "/Users/wuwei14/polymarket_v1.0/venv/lib/python3.9/site-packages/selenium/webdriver/support/wait.py", line 105, in until
    raise TimeoutException(message, screen, stacktrace)
selenium.common.exceptions.TimeoutException: Message: 
Stacktrace:
0   chromedriver                        0x0000000102883ac4 cxxbridge1$str$ptr + 3651580
1   chromedriver                        0x000000010287c314 cxxbridge1$str$ptr + 3620940
2   chromedriver                        0x00000001022e44b4 cxxbridge1$string$len + 89224
3   chromedriver                        0x0000000102328898 cxxbridge1$string$len + 368748
4   chromedriver                        0x00000001023620fc cxxbridge1$string$len + 604368
5   chromedriver                        0x000000010231d0b0 cxxbridge1$string$len + 321668
6   chromedriver                        0x000000010231dd00 cxxbridge1$string$len + 324820
7   chromedriver                        0x000000010284ee08 cxxbridge1$str$ptr + 3435328
8   chromedriver                        0x0000000102852120 cxxbridge1$str$ptr + 3448408
9   chromedriver                        0x000000010283617c cxxbridge1$str$ptr + 3333812
10  chromedriver                        0x00000001028529e0 cxxbridge1$str$ptr + 3450648
11  chromedriver                        0x0000000102827988 cxxbridge1$str$ptr + 3274432
12  chromedriver                        0x000000010286d0f4 cxxbridge1$str$ptr + 3558956
13  chromedriver                        0x000000010286d270 cxxbridge1$str$ptr + 3559336
14  chromedriver                        0x000000010287bf88 cxxbridge1$str$ptr + 3620032
15  libsystem_pthread.dylib             0x000000018a42ef94 _pthread_start + 136
16  libsystem_pthread.dylib             0x000000018a429d34 thread_start + 8

