2024-11-19 22:21:04,989 [INFO] 成功加载配置文件
2024-11-19 22:21:26,919 [INFO] 获取到Cash文本: Cash: $832.81
2024-11-19 22:21:26,920 [INFO] 提取到Cash值: 832.81
2024-11-19 22:21:26,920 [INFO] 金额更新完成
2024-11-19 22:21:43,193 [INFO] No 0价格匹配，执行自动交易
2024-11-19 22:21:51,720 [INFO] MetaMask 扩展弹窗操作完成
2024-11-19 22:22:22,374 [INFO] Yes 1价格匹配，执行自动交易
2024-11-19 22:22:34,621 [INFO] MetaMask 扩展弹窗操作完成
2024-11-19 22:23:18,373 [INFO] No6价格匹配,执行自动卖出
2024-11-19 22:23:25,325 [INFO] MetaMask 扩展弹窗操作完成
2024-11-19 22:24:06,990 [INFO] MetaMask 扩展弹窗操作完成
2024-11-19 22:24:48,999 [ERROR] 检查资金失败: 浏览器连接丢失
Traceback (most recent call last):
  File "/Users/wuwei/Documents/polymarket_v1.0/crypto_trader.py", line 1258, in check_balance
    raise Exception("浏览器连接丢失")
Exception: 浏览器连接丢失
2024-11-19 22:24:49,016 [ERROR] 资金检查错误: 浏览器连接丢失
Traceback (most recent call last):
  File "/Users/wuwei/Documents/polymarket_v1.0/crypto_trader.py", line 1258, in check_balance
    raise Exception("浏览器连接丢失")
Exception: 浏览器连接丢失
