2024-11-19 21:40:15,745 [INFO] 成功加载配置文件
2024-11-19 21:40:50,898 [INFO] 获取到Cash文本: Cash: $825.88
2024-11-19 21:40:50,898 [INFO] 提取到Cash值: 825.88
2024-11-19 21:40:50,898 [INFO] 金额更新完成
2024-11-19 21:40:58,750 [INFO] Yes 3价格匹配，执行自动交易
2024-11-19 21:41:06,310 [INFO] MetaMask 扩展弹窗操作完成
2024-11-19 21:41:59,967 [INFO] No6价格匹配,执行自动卖出
2024-11-19 21:42:06,404 [INFO] MetaMask 扩展弹窗操作完成
2024-11-19 21:42:20,434 [INFO] MetaMask 扩展弹窗操作完成
2024-11-19 21:42:20,434 [INFO] 获取到Cash文本: Cash: $824.88
2024-11-19 21:42:20,434 [INFO] 提取到Cash值: 824.88
2024-11-19 21:42:20,434 [INFO] 金额更新完成
2024-11-19 21:42:40,444 [ERROR] 检查资金失败: 浏览器连接丢失
Traceback (most recent call last):
  File "/Users/wuwei/Documents/polymarket_v1.0/crypto_trader.py", line 1258, in check_balance
    raise Exception("浏览器连接丢失")
Exception: 浏览器连接丢失
2024-11-19 21:42:40,460 [ERROR] 资金检查错误: 浏览器连接丢失
Traceback (most recent call last):
  File "/Users/wuwei/Documents/polymarket_v1.0/crypto_trader.py", line 1258, in check_balance
    raise Exception("浏览器连接丢失")
Exception: 浏览器连接丢失
