2024-11-23 10:16:00,501 [INFO] 成功加载配置文件
2024-11-23 10:16:24,723 [INFO] 获取到Cash文本: Cash: 等待数据...
2024-11-23 10:16:24,725 [ERROR] 设置金额失败: 无法从Cash值中提取数字
Traceback (most recent call last):
  File "/Users/wuwei/Documents/polymarket/crypto_trader.py", line 526, in set_yes_no_cash
    raise ValueError("无法从Cash值中提取数字")
ValueError: 无法从Cash值中提取数字
2024-11-23 10:16:24,728 [ERROR] 金额设置失败，请检查Cash值是否正确
Traceback (most recent call last):
  File "/Users/wuwei/Documents/polymarket/crypto_trader.py", line 526, in set_yes_no_cash
    raise ValueError("无法从Cash值中提取数字")
ValueError: 无法从Cash值中提取数字
2024-11-23 10:17:05,662 [ERROR] 连接浏览器失败: Message: session not created: cannot connect to chrome at 127.0.0.1:9222
from chrome not reachable
Stacktrace:
0   chromedriver                        0x0000000100973ac4 cxxbridge1$str$ptr + 3651580
1   chromedriver                        0x000000010096c314 cxxbridge1$str$ptr + 3620940
2   chromedriver                        0x00000001003d4324 cxxbridge1$string$len + 88824
3   chromedriver                        0x00000001003c2d50 cxxbridge1$string$len + 17700
4   chromedriver                        0x0000000100409220 cxxbridge1$string$len + 305652
5   chromedriver                        0x0000000100400d78 cxxbridge1$string$len + 271692
6   chromedriver                        0x0000000100441c70 cxxbridge1$string$len + 537668
7   chromedriver                        0x00000001004415b8 cxxbridge1$string$len + 535948
8   chromedriver                        0x000000010040d0b0 cxxbridge1$string$len + 321668
9   chromedriver                        0x000000010040dd00 cxxbridge1$string$len + 324820
10  chromedriver                        0x000000010093ee08 cxxbridge1$str$ptr + 3435328
11  chromedriver                        0x0000000100942120 cxxbridge1$str$ptr + 3448408
12  chromedriver                        0x000000010092617c cxxbridge1$str$ptr + 3333812
13  chromedriver                        0x00000001009429e0 cxxbridge1$str$ptr + 3450648
14  chromedriver                        0x0000000100917988 cxxbridge1$str$ptr + 3274432
15  chromedriver                        0x000000010095d0f4 cxxbridge1$str$ptr + 3558956
16  chromedriver                        0x000000010095d270 cxxbridge1$str$ptr + 3559336
17  chromedriver                        0x000000010096bf88 cxxbridge1$str$ptr + 3620032
18  libsystem_pthread.dylib             0x000000019f9df2e4 _pthread_start + 136
19  libsystem_pthread.dylib             0x000000019f9da0fc thread_start + 8
Traceback (most recent call last):
  File "/Users/wuwei/Documents/polymarket/crypto_trader.py", line 629, in _start_browser_monitoring
    self.driver = webdriver.Chrome(options=chrome_options)
  File "/Users/wuwei/Documents/polymarket/venv/lib/python3.9/site-packages/selenium/webdriver/chrome/webdriver.py", line 45, in __init__
    super().__init__(
  File "/Users/wuwei/Documents/polymarket/venv/lib/python3.9/site-packages/selenium/webdriver/chromium/webdriver.py", line 66, in __init__
    super().__init__(command_executor=executor, options=options)
  File "/Users/wuwei/Documents/polymarket/venv/lib/python3.9/site-packages/selenium/webdriver/remote/webdriver.py", line 238, in __init__
    self.start_session(capabilities)
  File "/Users/wuwei/Documents/polymarket/venv/lib/python3.9/site-packages/selenium/webdriver/remote/webdriver.py", line 325, in start_session
    response = self.execute(Command.NEW_SESSION, caps)["value"]
  File "/Users/wuwei/Documents/polymarket/venv/lib/python3.9/site-packages/selenium/webdriver/remote/webdriver.py", line 380, in execute
    self.error_handler.check_response(response)
  File "/Users/wuwei/Documents/polymarket/venv/lib/python3.9/site-packages/selenium/webdriver/remote/errorhandler.py", line 229, in check_response
    raise exception_class(message, screen, stacktrace)
selenium.common.exceptions.SessionNotCreatedException: Message: session not created: cannot connect to chrome at 127.0.0.1:9222
from chrome not reachable
Stacktrace:
0   chromedriver                        0x0000000100973ac4 cxxbridge1$str$ptr + 3651580
1   chromedriver                        0x000000010096c314 cxxbridge1$str$ptr + 3620940
2   chromedriver                        0x00000001003d4324 cxxbridge1$string$len + 88824
3   chromedriver                        0x00000001003c2d50 cxxbridge1$string$len + 17700
4   chromedriver                        0x0000000100409220 cxxbridge1$string$len + 305652
5   chromedriver                        0x0000000100400d78 cxxbridge1$string$len + 271692
6   chromedriver                        0x0000000100441c70 cxxbridge1$string$len + 537668
7   chromedriver                        0x00000001004415b8 cxxbridge1$string$len + 535948
8   chromedriver                        0x000000010040d0b0 cxxbridge1$string$len + 321668
9   chromedriver                        0x000000010040dd00 cxxbridge1$string$len + 324820
10  chromedriver                        0x000000010093ee08 cxxbridge1$str$ptr + 3435328
11  chromedriver                        0x0000000100942120 cxxbridge1$str$ptr + 3448408
12  chromedriver                        0x000000010092617c cxxbridge1$str$ptr + 3333812
13  chromedriver                        0x00000001009429e0 cxxbridge1$str$ptr + 3450648
14  chromedriver                        0x0000000100917988 cxxbridge1$str$ptr + 3274432
15  chromedriver                        0x000000010095d0f4 cxxbridge1$str$ptr + 3558956
16  chromedriver                        0x000000010095d270 cxxbridge1$str$ptr + 3559336
17  chromedriver                        0x000000010096bf88 cxxbridge1$str$ptr + 3620032
18  libsystem_pthread.dylib             0x000000019f9df2e4 _pthread_start + 136
19  libsystem_pthread.dylib             0x000000019f9da0fc thread_start + 8

