2024-11-23 11:00:39,747 [INFO] 成功加载配置文件
2024-11-23 11:01:01,903 [INFO] 获取到Cash文本: Cash: $629.74
2024-11-23 11:01:01,905 [INFO] 提取到Cash值: 629.74
2024-11-23 11:01:01,905 [INFO] 金额更新完成
2024-11-23 11:01:12,894 [WARNING] Connection pool is full, discarding connection: localhost. Connection pool size: 1
2024-11-23 11:03:23,744 [ERROR] 卖出盈利操作失败: Message: 
Stacktrace:
0   chromedriver                        0x0000000104bcbac4 cxxbridge1$str$ptr + 3651580
1   chromedriver                        0x0000000104bc4314 cxxbridge1$str$ptr + 3620940
2   chromedriver                        0x000000010462c4b4 cxxbridge1$string$len + 89224
3   chromedriver                        0x0000000104670898 cxxbridge1$string$len + 368748
4   chromedriver                        0x00000001046aa0fc cxxbridge1$string$len + 604368
5   chromedriver                        0x00000001046650b0 cxxbridge1$string$len + 321668
6   chromedriver                        0x0000000104665d00 cxxbridge1$string$len + 324820
7   chromedriver                        0x0000000104b96e08 cxxbridge1$str$ptr + 3435328
8   chromedriver                        0x0000000104b9a120 cxxbridge1$str$ptr + 3448408
9   chromedriver                        0x0000000104b7e17c cxxbridge1$str$ptr + 3333812
10  chromedriver                        0x0000000104b9a9e0 cxxbridge1$str$ptr + 3450648
11  chromedriver                        0x0000000104b6f988 cxxbridge1$str$ptr + 3274432
12  chromedriver                        0x0000000104bb50f4 cxxbridge1$str$ptr + 3558956
13  chromedriver                        0x0000000104bb5270 cxxbridge1$str$ptr + 3559336
14  chromedriver                        0x0000000104bc3f88 cxxbridge1$str$ptr + 3620032
15  libsystem_pthread.dylib             0x000000019f9df2e4 _pthread_start + 136
16  libsystem_pthread.dylib             0x000000019f9da0fc thread_start + 8
Traceback (most recent call last):
  File "/Users/wuwei/Documents/polymarket/crypto_trader.py", line 1248, in click_profit_sell
    button = WebDriverWait(self.driver, 10).until(
  File "/Users/wuwei/Documents/polymarket/venv/lib/python3.9/site-packages/selenium/webdriver/support/wait.py", line 105, in until
    raise TimeoutException(message, screen, stacktrace)
selenium.common.exceptions.TimeoutException: Message: 
Stacktrace:
0   chromedriver                        0x0000000104bcbac4 cxxbridge1$str$ptr + 3651580
1   chromedriver                        0x0000000104bc4314 cxxbridge1$str$ptr + 3620940
2   chromedriver                        0x000000010462c4b4 cxxbridge1$string$len + 89224
3   chromedriver                        0x0000000104670898 cxxbridge1$string$len + 368748
4   chromedriver                        0x00000001046aa0fc cxxbridge1$string$len + 604368
5   chromedriver                        0x00000001046650b0 cxxbridge1$string$len + 321668
6   chromedriver                        0x0000000104665d00 cxxbridge1$string$len + 324820
7   chromedriver                        0x0000000104b96e08 cxxbridge1$str$ptr + 3435328
8   chromedriver                        0x0000000104b9a120 cxxbridge1$str$ptr + 3448408
9   chromedriver                        0x0000000104b7e17c cxxbridge1$str$ptr + 3333812
10  chromedriver                        0x0000000104b9a9e0 cxxbridge1$str$ptr + 3450648
11  chromedriver                        0x0000000104b6f988 cxxbridge1$str$ptr + 3274432
12  chromedriver                        0x0000000104bb50f4 cxxbridge1$str$ptr + 3558956
13  chromedriver                        0x0000000104bb5270 cxxbridge1$str$ptr + 3559336
14  chromedriver                        0x0000000104bc3f88 cxxbridge1$str$ptr + 3620032
15  libsystem_pthread.dylib             0x000000019f9df2e4 _pthread_start + 136
16  libsystem_pthread.dylib             0x000000019f9da0fc thread_start + 8

2024-11-23 11:03:23,748 [ERROR] 卖出盈利操作失败: Message: 
Stacktrace:
0   chromedriver                        0x0000000104bcbac4 cxxbridge1$str$ptr + 3651580
1   chromedriver                        0x0000000104bc4314 cxxbridge1$str$ptr + 3620940
2   chromedriver                        0x000000010462c4b4 cxxbridge1$string$len + 89224
3   chromedriver                        0x0000000104670898 cxxbridge1$string$len + 368748
4   chromedriver                        0x00000001046aa0fc cxxbridge1$string$len + 604368
5   chromedriver                        0x00000001046650b0 cxxbridge1$string$len + 321668
6   chromedriver                        0x0000000104665d00 cxxbridge1$string$len + 324820
7   chromedriver                        0x0000000104b96e08 cxxbridge1$str$ptr + 3435328
8   chromedriver                        0x0000000104b9a120 cxxbridge1$str$ptr + 3448408
9   chromedriver                        0x0000000104b7e17c cxxbridge1$str$ptr + 3333812
10  chromedriver                        0x0000000104b9a9e0 cxxbridge1$str$ptr + 3450648
11  chromedriver                        0x0000000104b6f988 cxxbridge1$str$ptr + 3274432
12  chromedriver                        0x0000000104bb50f4 cxxbridge1$str$ptr + 3558956
13  chromedriver                        0x0000000104bb5270 cxxbridge1$str$ptr + 3559336
14  chromedriver                        0x0000000104bc3f88 cxxbridge1$str$ptr + 3620032
15  libsystem_pthread.dylib             0x000000019f9df2e4 _pthread_start + 136
16  libsystem_pthread.dylib             0x000000019f9da0fc thread_start + 8
Traceback (most recent call last):
  File "/Users/wuwei/Documents/polymarket/crypto_trader.py", line 1248, in click_profit_sell
    button = WebDriverWait(self.driver, 10).until(
  File "/Users/wuwei/Documents/polymarket/venv/lib/python3.9/site-packages/selenium/webdriver/support/wait.py", line 105, in until
    raise TimeoutException(message, screen, stacktrace)
selenium.common.exceptions.TimeoutException: Message: 
Stacktrace:
0   chromedriver                        0x0000000104bcbac4 cxxbridge1$str$ptr + 3651580
1   chromedriver                        0x0000000104bc4314 cxxbridge1$str$ptr + 3620940
2   chromedriver                        0x000000010462c4b4 cxxbridge1$string$len + 89224
3   chromedriver                        0x0000000104670898 cxxbridge1$string$len + 368748
4   chromedriver                        0x00000001046aa0fc cxxbridge1$string$len + 604368
5   chromedriver                        0x00000001046650b0 cxxbridge1$string$len + 321668
6   chromedriver                        0x0000000104665d00 cxxbridge1$string$len + 324820
7   chromedriver                        0x0000000104b96e08 cxxbridge1$str$ptr + 3435328
8   chromedriver                        0x0000000104b9a120 cxxbridge1$str$ptr + 3448408
9   chromedriver                        0x0000000104b7e17c cxxbridge1$str$ptr + 3333812
10  chromedriver                        0x0000000104b9a9e0 cxxbridge1$str$ptr + 3450648
11  chromedriver                        0x0000000104b6f988 cxxbridge1$str$ptr + 3274432
12  chromedriver                        0x0000000104bb50f4 cxxbridge1$str$ptr + 3558956
13  chromedriver                        0x0000000104bb5270 cxxbridge1$str$ptr + 3559336
14  chromedriver                        0x0000000104bc3f88 cxxbridge1$str$ptr + 3620032
15  libsystem_pthread.dylib             0x000000019f9df2e4 _pthread_start + 136
16  libsystem_pthread.dylib             0x000000019f9da0fc thread_start + 8

2024-11-23 11:03:23,753 [INFO] 获取到Cash文本: Cash: $629.74
2024-11-23 11:03:23,753 [INFO] 提取到Cash值: 629.74
2024-11-23 11:03:23,753 [INFO] 金额更新完成
2024-11-23 11:03:47,615 [WARNING] Connection pool is full, discarding connection: localhost. Connection pool size: 1
2024-11-23 11:04:14,999 [INFO] No 0价格匹配，执行自动交易
2024-11-23 11:04:23,353 [INFO] MetaMask 扩展弹窗操作完成
2024-11-23 11:04:42,313 [INFO] No6价格匹配,执行自动卖出
2024-11-23 11:04:49,456 [ERROR] 点击 Positions-Sell-No 按钮失败: Message: 
Stacktrace:
0   chromedriver                        0x0000000104bcbac4 cxxbridge1$str$ptr + 3651580
1   chromedriver                        0x0000000104bc4314 cxxbridge1$str$ptr + 3620940
2   chromedriver                        0x000000010462c4b4 cxxbridge1$string$len + 89224
3   chromedriver                        0x0000000104670898 cxxbridge1$string$len + 368748
4   chromedriver                        0x00000001046aa0fc cxxbridge1$string$len + 604368
5   chromedriver                        0x00000001046650b0 cxxbridge1$string$len + 321668
6   chromedriver                        0x0000000104665d00 cxxbridge1$string$len + 324820
7   chromedriver                        0x0000000104b96e08 cxxbridge1$str$ptr + 3435328
8   chromedriver                        0x0000000104b9a120 cxxbridge1$str$ptr + 3448408
9   chromedriver                        0x0000000104b7e17c cxxbridge1$str$ptr + 3333812
10  chromedriver                        0x0000000104b9a9e0 cxxbridge1$str$ptr + 3450648
11  chromedriver                        0x0000000104b6f988 cxxbridge1$str$ptr + 3274432
12  chromedriver                        0x0000000104bb50f4 cxxbridge1$str$ptr + 3558956
13  chromedriver                        0x0000000104bb5270 cxxbridge1$str$ptr + 3559336
14  chromedriver                        0x0000000104bc3f88 cxxbridge1$str$ptr + 3620032
15  libsystem_pthread.dylib             0x000000019f9df2e4 _pthread_start + 136
16  libsystem_pthread.dylib             0x000000019f9da0fc thread_start + 8
Traceback (most recent call last):
  File "/Users/wuwei/Documents/polymarket/crypto_trader.py", line 1179, in click_position_sell_no
    button = WebDriverWait(self.driver, 5).until(
  File "/Users/wuwei/Documents/polymarket/venv/lib/python3.9/site-packages/selenium/webdriver/support/wait.py", line 105, in until
    raise TimeoutException(message, screen, stacktrace)
selenium.common.exceptions.TimeoutException: Message: 
Stacktrace:
0   chromedriver                        0x0000000104bcbac4 cxxbridge1$str$ptr + 3651580
1   chromedriver                        0x0000000104bc4314 cxxbridge1$str$ptr + 3620940
2   chromedriver                        0x000000010462c4b4 cxxbridge1$string$len + 89224
3   chromedriver                        0x0000000104670898 cxxbridge1$string$len + 368748
4   chromedriver                        0x00000001046aa0fc cxxbridge1$string$len + 604368
5   chromedriver                        0x00000001046650b0 cxxbridge1$string$len + 321668
6   chromedriver                        0x0000000104665d00 cxxbridge1$string$len + 324820
7   chromedriver                        0x0000000104b96e08 cxxbridge1$str$ptr + 3435328
8   chromedriver                        0x0000000104b9a120 cxxbridge1$str$ptr + 3448408
9   chromedriver                        0x0000000104b7e17c cxxbridge1$str$ptr + 3333812
10  chromedriver                        0x0000000104b9a9e0 cxxbridge1$str$ptr + 3450648
11  chromedriver                        0x0000000104b6f988 cxxbridge1$str$ptr + 3274432
12  chromedriver                        0x0000000104bb50f4 cxxbridge1$str$ptr + 3558956
13  chromedriver                        0x0000000104bb5270 cxxbridge1$str$ptr + 3559336
14  chromedriver                        0x0000000104bc3f88 cxxbridge1$str$ptr + 3620032
15  libsystem_pthread.dylib             0x000000019f9df2e4 _pthread_start + 136
16  libsystem_pthread.dylib             0x000000019f9da0fc thread_start + 8

2024-11-23 11:04:49,462 [ERROR] 点击 Positions-Sell-No 按钮失败: Message: 
Stacktrace:
0   chromedriver                        0x0000000104bcbac4 cxxbridge1$str$ptr + 3651580
1   chromedriver                        0x0000000104bc4314 cxxbridge1$str$ptr + 3620940
2   chromedriver                        0x000000010462c4b4 cxxbridge1$string$len + 89224
3   chromedriver                        0x0000000104670898 cxxbridge1$string$len + 368748
4   chromedriver                        0x00000001046aa0fc cxxbridge1$string$len + 604368
5   chromedriver                        0x00000001046650b0 cxxbridge1$string$len + 321668
6   chromedriver                        0x0000000104665d00 cxxbridge1$string$len + 324820
7   chromedriver                        0x0000000104b96e08 cxxbridge1$str$ptr + 3435328
8   chromedriver                        0x0000000104b9a120 cxxbridge1$str$ptr + 3448408
9   chromedriver                        0x0000000104b7e17c cxxbridge1$str$ptr + 3333812
10  chromedriver                        0x0000000104b9a9e0 cxxbridge1$str$ptr + 3450648
11  chromedriver                        0x0000000104b6f988 cxxbridge1$str$ptr + 3274432
12  chromedriver                        0x0000000104bb50f4 cxxbridge1$str$ptr + 3558956
13  chromedriver                        0x0000000104bb5270 cxxbridge1$str$ptr + 3559336
14  chromedriver                        0x0000000104bc3f88 cxxbridge1$str$ptr + 3620032
15  libsystem_pthread.dylib             0x000000019f9df2e4 _pthread_start + 136
16  libsystem_pthread.dylib             0x000000019f9da0fc thread_start + 8
Traceback (most recent call last):
  File "/Users/wuwei/Documents/polymarket/crypto_trader.py", line 1179, in click_position_sell_no
    button = WebDriverWait(self.driver, 5).until(
  File "/Users/wuwei/Documents/polymarket/venv/lib/python3.9/site-packages/selenium/webdriver/support/wait.py", line 105, in until
    raise TimeoutException(message, screen, stacktrace)
selenium.common.exceptions.TimeoutException: Message: 
Stacktrace:
0   chromedriver                        0x0000000104bcbac4 cxxbridge1$str$ptr + 3651580
1   chromedriver                        0x0000000104bc4314 cxxbridge1$str$ptr + 3620940
2   chromedriver                        0x000000010462c4b4 cxxbridge1$string$len + 89224
3   chromedriver                        0x0000000104670898 cxxbridge1$string$len + 368748
4   chromedriver                        0x00000001046aa0fc cxxbridge1$string$len + 604368
5   chromedriver                        0x00000001046650b0 cxxbridge1$string$len + 321668
6   chromedriver                        0x0000000104665d00 cxxbridge1$string$len + 324820
7   chromedriver                        0x0000000104b96e08 cxxbridge1$str$ptr + 3435328
8   chromedriver                        0x0000000104b9a120 cxxbridge1$str$ptr + 3448408
9   chromedriver                        0x0000000104b7e17c cxxbridge1$str$ptr + 3333812
10  chromedriver                        0x0000000104b9a9e0 cxxbridge1$str$ptr + 3450648
11  chromedriver                        0x0000000104b6f988 cxxbridge1$str$ptr + 3274432
12  chromedriver                        0x0000000104bb50f4 cxxbridge1$str$ptr + 3558956
13  chromedriver                        0x0000000104bb5270 cxxbridge1$str$ptr + 3559336
14  chromedriver                        0x0000000104bc3f88 cxxbridge1$str$ptr + 3620032
15  libsystem_pthread.dylib             0x000000019f9df2e4 _pthread_start + 136
16  libsystem_pthread.dylib             0x000000019f9da0fc thread_start + 8

2024-11-23 11:05:00,364 [ERROR] 卖出盈利操作失败: Message: 
Stacktrace:
0   chromedriver                        0x0000000104bcbac4 cxxbridge1$str$ptr + 3651580
1   chromedriver                        0x0000000104bc4314 cxxbridge1$str$ptr + 3620940
2   chromedriver                        0x000000010462c4b4 cxxbridge1$string$len + 89224
3   chromedriver                        0x0000000104670898 cxxbridge1$string$len + 368748
4   chromedriver                        0x00000001046aa0fc cxxbridge1$string$len + 604368
5   chromedriver                        0x00000001046650b0 cxxbridge1$string$len + 321668
6   chromedriver                        0x0000000104665d00 cxxbridge1$string$len + 324820
7   chromedriver                        0x0000000104b96e08 cxxbridge1$str$ptr + 3435328
8   chromedriver                        0x0000000104b9a120 cxxbridge1$str$ptr + 3448408
9   chromedriver                        0x0000000104b7e17c cxxbridge1$str$ptr + 3333812
10  chromedriver                        0x0000000104b9a9e0 cxxbridge1$str$ptr + 3450648
11  chromedriver                        0x0000000104b6f988 cxxbridge1$str$ptr + 3274432
12  chromedriver                        0x0000000104bb50f4 cxxbridge1$str$ptr + 3558956
13  chromedriver                        0x0000000104bb5270 cxxbridge1$str$ptr + 3559336
14  chromedriver                        0x0000000104bc3f88 cxxbridge1$str$ptr + 3620032
15  libsystem_pthread.dylib             0x000000019f9df2e4 _pthread_start + 136
16  libsystem_pthread.dylib             0x000000019f9da0fc thread_start + 8
Traceback (most recent call last):
  File "/Users/wuwei/Documents/polymarket/crypto_trader.py", line 1248, in click_profit_sell
    button = WebDriverWait(self.driver, 10).until(
  File "/Users/wuwei/Documents/polymarket/venv/lib/python3.9/site-packages/selenium/webdriver/support/wait.py", line 105, in until
    raise TimeoutException(message, screen, stacktrace)
selenium.common.exceptions.TimeoutException: Message: 
Stacktrace:
0   chromedriver                        0x0000000104bcbac4 cxxbridge1$str$ptr + 3651580
1   chromedriver                        0x0000000104bc4314 cxxbridge1$str$ptr + 3620940
2   chromedriver                        0x000000010462c4b4 cxxbridge1$string$len + 89224
3   chromedriver                        0x0000000104670898 cxxbridge1$string$len + 368748
4   chromedriver                        0x00000001046aa0fc cxxbridge1$string$len + 604368
5   chromedriver                        0x00000001046650b0 cxxbridge1$string$len + 321668
6   chromedriver                        0x0000000104665d00 cxxbridge1$string$len + 324820
7   chromedriver                        0x0000000104b96e08 cxxbridge1$str$ptr + 3435328
8   chromedriver                        0x0000000104b9a120 cxxbridge1$str$ptr + 3448408
9   chromedriver                        0x0000000104b7e17c cxxbridge1$str$ptr + 3333812
10  chromedriver                        0x0000000104b9a9e0 cxxbridge1$str$ptr + 3450648
11  chromedriver                        0x0000000104b6f988 cxxbridge1$str$ptr + 3274432
12  chromedriver                        0x0000000104bb50f4 cxxbridge1$str$ptr + 3558956
13  chromedriver                        0x0000000104bb5270 cxxbridge1$str$ptr + 3559336
14  chromedriver                        0x0000000104bc3f88 cxxbridge1$str$ptr + 3620032
15  libsystem_pthread.dylib             0x000000019f9df2e4 _pthread_start + 136
16  libsystem_pthread.dylib             0x000000019f9da0fc thread_start + 8

2024-11-23 11:05:00,367 [ERROR] 卖出盈利操作失败: Message: 
Stacktrace:
0   chromedriver                        0x0000000104bcbac4 cxxbridge1$str$ptr + 3651580
1   chromedriver                        0x0000000104bc4314 cxxbridge1$str$ptr + 3620940
2   chromedriver                        0x000000010462c4b4 cxxbridge1$string$len + 89224
3   chromedriver                        0x0000000104670898 cxxbridge1$string$len + 368748
4   chromedriver                        0x00000001046aa0fc cxxbridge1$string$len + 604368
5   chromedriver                        0x00000001046650b0 cxxbridge1$string$len + 321668
6   chromedriver                        0x0000000104665d00 cxxbridge1$string$len + 324820
7   chromedriver                        0x0000000104b96e08 cxxbridge1$str$ptr + 3435328
8   chromedriver                        0x0000000104b9a120 cxxbridge1$str$ptr + 3448408
9   chromedriver                        0x0000000104b7e17c cxxbridge1$str$ptr + 3333812
10  chromedriver                        0x0000000104b9a9e0 cxxbridge1$str$ptr + 3450648
11  chromedriver                        0x0000000104b6f988 cxxbridge1$str$ptr + 3274432
12  chromedriver                        0x0000000104bb50f4 cxxbridge1$str$ptr + 3558956
13  chromedriver                        0x0000000104bb5270 cxxbridge1$str$ptr + 3559336
14  chromedriver                        0x0000000104bc3f88 cxxbridge1$str$ptr + 3620032
15  libsystem_pthread.dylib             0x000000019f9df2e4 _pthread_start + 136
16  libsystem_pthread.dylib             0x000000019f9da0fc thread_start + 8
Traceback (most recent call last):
  File "/Users/wuwei/Documents/polymarket/crypto_trader.py", line 1248, in click_profit_sell
    button = WebDriverWait(self.driver, 10).until(
  File "/Users/wuwei/Documents/polymarket/venv/lib/python3.9/site-packages/selenium/webdriver/support/wait.py", line 105, in until
    raise TimeoutException(message, screen, stacktrace)
selenium.common.exceptions.TimeoutException: Message: 
Stacktrace:
0   chromedriver                        0x0000000104bcbac4 cxxbridge1$str$ptr + 3651580
1   chromedriver                        0x0000000104bc4314 cxxbridge1$str$ptr + 3620940
2   chromedriver                        0x000000010462c4b4 cxxbridge1$string$len + 89224
3   chromedriver                        0x0000000104670898 cxxbridge1$string$len + 368748
4   chromedriver                        0x00000001046aa0fc cxxbridge1$string$len + 604368
5   chromedriver                        0x00000001046650b0 cxxbridge1$string$len + 321668
6   chromedriver                        0x0000000104665d00 cxxbridge1$string$len + 324820
7   chromedriver                        0x0000000104b96e08 cxxbridge1$str$ptr + 3435328
8   chromedriver                        0x0000000104b9a120 cxxbridge1$str$ptr + 3448408
9   chromedriver                        0x0000000104b7e17c cxxbridge1$str$ptr + 3333812
10  chromedriver                        0x0000000104b9a9e0 cxxbridge1$str$ptr + 3450648
11  chromedriver                        0x0000000104b6f988 cxxbridge1$str$ptr + 3274432
12  chromedriver                        0x0000000104bb50f4 cxxbridge1$str$ptr + 3558956
13  chromedriver                        0x0000000104bb5270 cxxbridge1$str$ptr + 3559336
14  chromedriver                        0x0000000104bc3f88 cxxbridge1$str$ptr + 3620032
15  libsystem_pthread.dylib             0x000000019f9df2e4 _pthread_start + 136
16  libsystem_pthread.dylib             0x000000019f9da0fc thread_start + 8

2024-11-23 11:05:15,373 [ERROR] Sell_no执行失败: 'NoneType' object has no attribute 'refresh'
Traceback (most recent call last):
  File "/Users/wuwei/Documents/polymarket/crypto_trader.py", line 2222, in Sell_no
    self.driver.refresh()
AttributeError: 'NoneType' object has no attribute 'refresh'
2024-11-23 11:05:15,374 [ERROR] Sell_no执行失败: 'NoneType' object has no attribute 'refresh'
Traceback (most recent call last):
  File "/Users/wuwei/Documents/polymarket/crypto_trader.py", line 2222, in Sell_no
    self.driver.refresh()
AttributeError: 'NoneType' object has no attribute 'refresh'
2024-11-23 11:05:15,374 [ERROR] 检查资金失败: 浏览器连接丢失
Traceback (most recent call last):
  File "/Users/wuwei/Documents/polymarket/crypto_trader.py", line 1269, in check_balance
    raise Exception("浏览器连接丢失")
Exception: 浏览器连接丢失
2024-11-23 11:05:15,375 [ERROR] 资金检查错误: 浏览器连接丢失
Traceback (most recent call last):
  File "/Users/wuwei/Documents/polymarket/crypto_trader.py", line 1269, in check_balance
    raise Exception("浏览器连接丢失")
Exception: 浏览器连接丢失
