2024-11-19 21:46:39,198 [INFO] 成功加载配置文件
2024-11-19 21:47:12,059 [INFO] 获取到Cash文本: Cash: $833.21
2024-11-19 21:47:12,060 [INFO] 提取到Cash值: 833.21
2024-11-19 21:47:12,061 [INFO] 金额更新完成
2024-11-19 21:47:26,886 [INFO] No 0价格匹配，执行自动交易
2024-11-19 21:47:35,334 [INFO] MetaMask 扩展弹窗操作完成
2024-11-19 21:48:06,226 [INFO] Yes 1价格匹配，执行自动交易
2024-11-19 21:48:14,049 [INFO] MetaMask 扩展弹窗操作完成
2024-11-19 21:48:29,666 [INFO] Yes6价格匹配，执行自动卖出
2024-11-19 21:48:36,383 [INFO] MetaMask 扩展弹窗操作完成
2024-11-19 21:48:48,632 [INFO] MetaMask 扩展弹窗操作完成
2024-11-19 21:49:08,674 [ERROR] Sell_no执行失败: 浏览器连接丢失
Traceback (most recent call last):
  File "/Users/wuwei/Documents/polymarket_v1.0/crypto_trader.py", line 2143, in Sell_no
    raise Exception("浏览器连接丢失")
Exception: 浏览器连接丢失
2024-11-19 21:49:08,677 [ERROR] Sell_no执行失败: 浏览器连接丢失
Traceback (most recent call last):
  File "/Users/wuwei/Documents/polymarket_v1.0/crypto_trader.py", line 2143, in Sell_no
    raise Exception("浏览器连接丢失")
Exception: 浏览器连接丢失
2024-11-19 21:49:08,677 [ERROR] 检查资金失败: 浏览器连接丢失
Traceback (most recent call last):
  File "/Users/wuwei/Documents/polymarket_v1.0/crypto_trader.py", line 1258, in check_balance
    raise Exception("浏览器连接丢失")
Exception: 浏览器连接丢失
2024-11-19 21:49:08,678 [ERROR] 资金检查错误: 浏览器连接丢失
Traceback (most recent call last):
  File "/Users/wuwei/Documents/polymarket_v1.0/crypto_trader.py", line 1258, in check_balance
    raise Exception("浏览器连接丢失")
Exception: 浏览器连接丢失
2024-11-19 21:49:59,690 [INFO] 获取到Cash文本: Cash: $832.18
2024-11-19 21:49:59,691 [INFO] 提取到Cash值: 832.18
2024-11-19 21:49:59,691 [INFO] 金额更新完成
2024-11-19 21:50:11,526 [INFO] Yes 3价格匹配，执行自动交易
2024-11-19 21:50:19,362 [INFO] MetaMask 扩展弹窗操作完成
2024-11-19 21:50:58,345 [INFO] Yes6价格匹配，执行自动卖出
2024-11-19 21:51:05,081 [INFO] MetaMask 扩展弹窗操作完成
2024-11-19 21:51:17,347 [INFO] MetaMask 扩展弹窗操作完成
2024-11-19 21:51:37,353 [ERROR] Sell_no执行失败: 浏览器连接丢失
Traceback (most recent call last):
  File "/Users/wuwei/Documents/polymarket_v1.0/crypto_trader.py", line 2143, in Sell_no
    raise Exception("浏览器连接丢失")
Exception: 浏览器连接丢失
2024-11-19 21:51:37,354 [ERROR] Sell_no执行失败: 浏览器连接丢失
Traceback (most recent call last):
  File "/Users/wuwei/Documents/polymarket_v1.0/crypto_trader.py", line 2143, in Sell_no
    raise Exception("浏览器连接丢失")
Exception: 浏览器连接丢失
2024-11-19 21:51:37,355 [ERROR] 检查资金失败: 浏览器连接丢失
Traceback (most recent call last):
  File "/Users/wuwei/Documents/polymarket_v1.0/crypto_trader.py", line 1258, in check_balance
    raise Exception("浏览器连接丢失")
Exception: 浏览器连接丢失
2024-11-19 21:51:37,355 [ERROR] 资金检查错误: 浏览器连接丢失
Traceback (most recent call last):
  File "/Users/wuwei/Documents/polymarket_v1.0/crypto_trader.py", line 1258, in check_balance
    raise Exception("浏览器连接丢失")
Exception: 浏览器连接丢失
