2024-11-23 10:49:13,753 [INFO] 成功加载配置文件
2024-11-23 10:49:17,003 [ERROR] 价格获取失败: Message: javascript error: LavaMoat - property "Window" of globalThis is inaccessible under scuttling mode. To learn more visit https://github.com/LavaMoat/LavaMoat/pull/360.
  (Session info: chrome=131.0.6778.86)
Stacktrace:
0   chromedriver                        0x0000000100e33ac4 cxxbridge1$str$ptr + 3651580
1   chromedriver                        0x0000000100e2c314 cxxbridge1$str$ptr + 3620940
2   chromedriver                        0x00000001008944b4 cxxbridge1$string$len + 89224
3   chromedriver                        0x0000000100899398 cxxbridge1$string$len + 109420
4   chromedriver                        0x000000010089b688 cxxbridge1$string$len + 118364
5   chromedriver                        0x0000000100912950 cxxbridge1$string$len + 606500
6   chromedriver                        0x00000001009120fc cxxbridge1$string$len + 604368
7   chromedriver                        0x00000001008cd0b0 cxxbridge1$string$len + 321668
8   chromedriver                        0x00000001008cdd00 cxxbridge1$string$len + 324820
9   chromedriver                        0x0000000100dfee08 cxxbridge1$str$ptr + 3435328
10  chromedriver                        0x0000000100e02120 cxxbridge1$str$ptr + 3448408
11  chromedriver                        0x0000000100de617c cxxbridge1$str$ptr + 3333812
12  chromedriver                        0x0000000100e029e0 cxxbridge1$str$ptr + 3450648
13  chromedriver                        0x0000000100dd7988 cxxbridge1$str$ptr + 3274432
14  chromedriver                        0x0000000100e1d0f4 cxxbridge1$str$ptr + 3558956
15  chromedriver                        0x0000000100e1d270 cxxbridge1$str$ptr + 3559336
16  chromedriver                        0x0000000100e2bf88 cxxbridge1$str$ptr + 3620032
17  libsystem_pthread.dylib             0x000000019f9df2e4 _pthread_start + 136
18  libsystem_pthread.dylib             0x000000019f9da0fc thread_start + 8
Traceback (most recent call last):
  File "/Users/wuwei/Documents/polymarket/crypto_trader.py", line 830, in check_prices
    prices = self.driver.execute_script("""
  File "/Users/wuwei/Documents/polymarket/venv/lib/python3.9/site-packages/selenium/webdriver/remote/webdriver.py", line 440, in execute_script
    return self.execute(command, {"script": script, "args": converted_args})["value"]
  File "/Users/wuwei/Documents/polymarket/venv/lib/python3.9/site-packages/selenium/webdriver/remote/webdriver.py", line 380, in execute
    self.error_handler.check_response(response)
  File "/Users/wuwei/Documents/polymarket/venv/lib/python3.9/site-packages/selenium/webdriver/remote/errorhandler.py", line 229, in check_response
    raise exception_class(message, screen, stacktrace)
selenium.common.exceptions.JavascriptException: Message: javascript error: LavaMoat - property "Window" of globalThis is inaccessible under scuttling mode. To learn more visit https://github.com/LavaMoat/LavaMoat/pull/360.
  (Session info: chrome=131.0.6778.86)
Stacktrace:
0   chromedriver                        0x0000000100e33ac4 cxxbridge1$str$ptr + 3651580
1   chromedriver                        0x0000000100e2c314 cxxbridge1$str$ptr + 3620940
2   chromedriver                        0x00000001008944b4 cxxbridge1$string$len + 89224
3   chromedriver                        0x0000000100899398 cxxbridge1$string$len + 109420
4   chromedriver                        0x000000010089b688 cxxbridge1$string$len + 118364
5   chromedriver                        0x0000000100912950 cxxbridge1$string$len + 606500
6   chromedriver                        0x00000001009120fc cxxbridge1$string$len + 604368
7   chromedriver                        0x00000001008cd0b0 cxxbridge1$string$len + 321668
8   chromedriver                        0x00000001008cdd00 cxxbridge1$string$len + 324820
9   chromedriver                        0x0000000100dfee08 cxxbridge1$str$ptr + 3435328
10  chromedriver                        0x0000000100e02120 cxxbridge1$str$ptr + 3448408
11  chromedriver                        0x0000000100de617c cxxbridge1$str$ptr + 3333812
12  chromedriver                        0x0000000100e029e0 cxxbridge1$str$ptr + 3450648
13  chromedriver                        0x0000000100dd7988 cxxbridge1$str$ptr + 3274432
14  chromedriver                        0x0000000100e1d0f4 cxxbridge1$str$ptr + 3558956
15  chromedriver                        0x0000000100e1d270 cxxbridge1$str$ptr + 3559336
16  chromedriver                        0x0000000100e2bf88 cxxbridge1$str$ptr + 3620032
17  libsystem_pthread.dylib             0x000000019f9df2e4 _pthread_start + 136
18  libsystem_pthread.dylib             0x000000019f9da0fc thread_start + 8

2024-11-23 10:49:17,005 [ERROR] 价格获取失败: Message: javascript error: LavaMoat - property "Window" of globalThis is inaccessible under scuttling mode. To learn more visit https://github.com/LavaMoat/LavaMoat/pull/360.
  (Session info: chrome=131.0.6778.86)
Stacktrace:
0   chromedriver                        0x0000000100e33ac4 cxxbridge1$str$ptr + 3651580
1   chromedriver                        0x0000000100e2c314 cxxbridge1$str$ptr + 3620940
2   chromedriver                        0x00000001008944b4 cxxbridge1$string$len + 89224
3   chromedriver                        0x0000000100899398 cxxbridge1$string$len + 109420
4   chromedriver                        0x000000010089b688 cxxbridge1$string$len + 118364
5   chromedriver                        0x0000000100912950 cxxbridge1$string$len + 606500
6   chromedriver                        0x00000001009120fc cxxbridge1$string$len + 604368
7   chromedriver                        0x00000001008cd0b0 cxxbridge1$string$len + 321668
8   chromedriver                        0x00000001008cdd00 cxxbridge1$string$len + 324820
9   chromedriver                        0x0000000100dfee08 cxxbridge1$str$ptr + 3435328
10  chromedriver                        0x0000000100e02120 cxxbridge1$str$ptr + 3448408
11  chromedriver                        0x0000000100de617c cxxbridge1$str$ptr + 3333812
12  chromedriver                        0x0000000100e029e0 cxxbridge1$str$ptr + 3450648
13  chromedriver                        0x0000000100dd7988 cxxbridge1$str$ptr + 3274432
14  chromedriver                        0x0000000100e1d0f4 cxxbridge1$str$ptr + 3558956
15  chromedriver                        0x0000000100e1d270 cxxbridge1$str$ptr + 3559336
16  chromedriver                        0x0000000100e2bf88 cxxbridge1$str$ptr + 3620032
17  libsystem_pthread.dylib             0x000000019f9df2e4 _pthread_start + 136
18  libsystem_pthread.dylib             0x000000019f9da0fc thread_start + 8
Traceback (most recent call last):
  File "/Users/wuwei/Documents/polymarket/crypto_trader.py", line 830, in check_prices
    prices = self.driver.execute_script("""
  File "/Users/wuwei/Documents/polymarket/venv/lib/python3.9/site-packages/selenium/webdriver/remote/webdriver.py", line 440, in execute_script
    return self.execute(command, {"script": script, "args": converted_args})["value"]
  File "/Users/wuwei/Documents/polymarket/venv/lib/python3.9/site-packages/selenium/webdriver/remote/webdriver.py", line 380, in execute
    self.error_handler.check_response(response)
  File "/Users/wuwei/Documents/polymarket/venv/lib/python3.9/site-packages/selenium/webdriver/remote/errorhandler.py", line 229, in check_response
    raise exception_class(message, screen, stacktrace)
selenium.common.exceptions.JavascriptException: Message: javascript error: LavaMoat - property "Window" of globalThis is inaccessible under scuttling mode. To learn more visit https://github.com/LavaMoat/LavaMoat/pull/360.
  (Session info: chrome=131.0.6778.86)
Stacktrace:
0   chromedriver                        0x0000000100e33ac4 cxxbridge1$str$ptr + 3651580
1   chromedriver                        0x0000000100e2c314 cxxbridge1$str$ptr + 3620940
2   chromedriver                        0x00000001008944b4 cxxbridge1$string$len + 89224
3   chromedriver                        0x0000000100899398 cxxbridge1$string$len + 109420
4   chromedriver                        0x000000010089b688 cxxbridge1$string$len + 118364
5   chromedriver                        0x0000000100912950 cxxbridge1$string$len + 606500
6   chromedriver                        0x00000001009120fc cxxbridge1$string$len + 604368
7   chromedriver                        0x00000001008cd0b0 cxxbridge1$string$len + 321668
8   chromedriver                        0x00000001008cdd00 cxxbridge1$string$len + 324820
9   chromedriver                        0x0000000100dfee08 cxxbridge1$str$ptr + 3435328
10  chromedriver                        0x0000000100e02120 cxxbridge1$str$ptr + 3448408
11  chromedriver                        0x0000000100de617c cxxbridge1$str$ptr + 3333812
12  chromedriver                        0x0000000100e029e0 cxxbridge1$str$ptr + 3450648
13  chromedriver                        0x0000000100dd7988 cxxbridge1$str$ptr + 3274432
14  chromedriver                        0x0000000100e1d0f4 cxxbridge1$str$ptr + 3558956
15  chromedriver                        0x0000000100e1d270 cxxbridge1$str$ptr + 3559336
16  chromedriver                        0x0000000100e2bf88 cxxbridge1$str$ptr + 3620032
17  libsystem_pthread.dylib             0x000000019f9df2e4 _pthread_start + 136
18  libsystem_pthread.dylib             0x000000019f9da0fc thread_start + 8

2024-11-23 10:49:22,125 [ERROR] 获取金信息失败: Message: 
Stacktrace:
0   chromedriver                        0x0000000100e33ac4 cxxbridge1$str$ptr + 3651580
1   chromedriver                        0x0000000100e2c314 cxxbridge1$str$ptr + 3620940
2   chromedriver                        0x00000001008944b4 cxxbridge1$string$len + 89224
3   chromedriver                        0x00000001008d8898 cxxbridge1$string$len + 368748
4   chromedriver                        0x00000001009120fc cxxbridge1$string$len + 604368
5   chromedriver                        0x00000001008cd0b0 cxxbridge1$string$len + 321668
6   chromedriver                        0x00000001008cdd00 cxxbridge1$string$len + 324820
7   chromedriver                        0x0000000100dfee08 cxxbridge1$str$ptr + 3435328
8   chromedriver                        0x0000000100e02120 cxxbridge1$str$ptr + 3448408
9   chromedriver                        0x0000000100de617c cxxbridge1$str$ptr + 3333812
10  chromedriver                        0x0000000100e029e0 cxxbridge1$str$ptr + 3450648
11  chromedriver                        0x0000000100dd7988 cxxbridge1$str$ptr + 3274432
12  chromedriver                        0x0000000100e1d0f4 cxxbridge1$str$ptr + 3558956
13  chromedriver                        0x0000000100e1d270 cxxbridge1$str$ptr + 3559336
14  chromedriver                        0x0000000100e2bf88 cxxbridge1$str$ptr + 3620032
15  libsystem_pthread.dylib             0x000000019f9df2e4 _pthread_start + 136
16  libsystem_pthread.dylib             0x000000019f9da0fc thread_start + 8
Traceback (most recent call last):
  File "/Users/wuwei/Documents/polymarket/crypto_trader.py", line 1263, in check_balance
    portfolio_element = WebDriverWait(self.driver, 5).until(
  File "/Users/wuwei/Documents/polymarket/venv/lib/python3.9/site-packages/selenium/webdriver/support/wait.py", line 105, in until
    raise TimeoutException(message, screen, stacktrace)
selenium.common.exceptions.TimeoutException: Message: 
Stacktrace:
0   chromedriver                        0x0000000100e33ac4 cxxbridge1$str$ptr + 3651580
1   chromedriver                        0x0000000100e2c314 cxxbridge1$str$ptr + 3620940
2   chromedriver                        0x00000001008944b4 cxxbridge1$string$len + 89224
3   chromedriver                        0x00000001008d8898 cxxbridge1$string$len + 368748
4   chromedriver                        0x00000001009120fc cxxbridge1$string$len + 604368
5   chromedriver                        0x00000001008cd0b0 cxxbridge1$string$len + 321668
6   chromedriver                        0x00000001008cdd00 cxxbridge1$string$len + 324820
7   chromedriver                        0x0000000100dfee08 cxxbridge1$str$ptr + 3435328
8   chromedriver                        0x0000000100e02120 cxxbridge1$str$ptr + 3448408
9   chromedriver                        0x0000000100de617c cxxbridge1$str$ptr + 3333812
10  chromedriver                        0x0000000100e029e0 cxxbridge1$str$ptr + 3450648
11  chromedriver                        0x0000000100dd7988 cxxbridge1$str$ptr + 3274432
12  chromedriver                        0x0000000100e1d0f4 cxxbridge1$str$ptr + 3558956
13  chromedriver                        0x0000000100e1d270 cxxbridge1$str$ptr + 3559336
14  chromedriver                        0x0000000100e2bf88 cxxbridge1$str$ptr + 3620032
15  libsystem_pthread.dylib             0x000000019f9df2e4 _pthread_start + 136
16  libsystem_pthread.dylib             0x000000019f9da0fc thread_start + 8

2024-11-23 10:49:23,142 [ERROR] 价格获取失败: Message: javascript error: LavaMoat - property "Window" of globalThis is inaccessible under scuttling mode. To learn more visit https://github.com/LavaMoat/LavaMoat/pull/360.
  (Session info: chrome=131.0.6778.86)
Stacktrace:
0   chromedriver                        0x0000000100e33ac4 cxxbridge1$str$ptr + 3651580
1   chromedriver                        0x0000000100e2c314 cxxbridge1$str$ptr + 3620940
2   chromedriver                        0x00000001008944b4 cxxbridge1$string$len + 89224
3   chromedriver                        0x0000000100899398 cxxbridge1$string$len + 109420
4   chromedriver                        0x000000010089b688 cxxbridge1$string$len + 118364
5   chromedriver                        0x0000000100912950 cxxbridge1$string$len + 606500
6   chromedriver                        0x00000001009120fc cxxbridge1$string$len + 604368
7   chromedriver                        0x00000001008cd0b0 cxxbridge1$string$len + 321668
8   chromedriver                        0x00000001008cdd00 cxxbridge1$string$len + 324820
9   chromedriver                        0x0000000100dfee08 cxxbridge1$str$ptr + 3435328
10  chromedriver                        0x0000000100e02120 cxxbridge1$str$ptr + 3448408
11  chromedriver                        0x0000000100de617c cxxbridge1$str$ptr + 3333812
12  chromedriver                        0x0000000100e029e0 cxxbridge1$str$ptr + 3450648
13  chromedriver                        0x0000000100dd7988 cxxbridge1$str$ptr + 3274432
14  chromedriver                        0x0000000100e1d0f4 cxxbridge1$str$ptr + 3558956
15  chromedriver                        0x0000000100e1d270 cxxbridge1$str$ptr + 3559336
16  chromedriver                        0x0000000100e2bf88 cxxbridge1$str$ptr + 3620032
17  libsystem_pthread.dylib             0x000000019f9df2e4 _pthread_start + 136
18  libsystem_pthread.dylib             0x000000019f9da0fc thread_start + 8
Traceback (most recent call last):
  File "/Users/wuwei/Documents/polymarket/crypto_trader.py", line 830, in check_prices
    prices = self.driver.execute_script("""
  File "/Users/wuwei/Documents/polymarket/venv/lib/python3.9/site-packages/selenium/webdriver/remote/webdriver.py", line 440, in execute_script
    return self.execute(command, {"script": script, "args": converted_args})["value"]
  File "/Users/wuwei/Documents/polymarket/venv/lib/python3.9/site-packages/selenium/webdriver/remote/webdriver.py", line 380, in execute
    self.error_handler.check_response(response)
  File "/Users/wuwei/Documents/polymarket/venv/lib/python3.9/site-packages/selenium/webdriver/remote/errorhandler.py", line 229, in check_response
    raise exception_class(message, screen, stacktrace)
selenium.common.exceptions.JavascriptException: Message: javascript error: LavaMoat - property "Window" of globalThis is inaccessible under scuttling mode. To learn more visit https://github.com/LavaMoat/LavaMoat/pull/360.
  (Session info: chrome=131.0.6778.86)
Stacktrace:
0   chromedriver                        0x0000000100e33ac4 cxxbridge1$str$ptr + 3651580
1   chromedriver                        0x0000000100e2c314 cxxbridge1$str$ptr + 3620940
2   chromedriver                        0x00000001008944b4 cxxbridge1$string$len + 89224
3   chromedriver                        0x0000000100899398 cxxbridge1$string$len + 109420
4   chromedriver                        0x000000010089b688 cxxbridge1$string$len + 118364
5   chromedriver                        0x0000000100912950 cxxbridge1$string$len + 606500
6   chromedriver                        0x00000001009120fc cxxbridge1$string$len + 604368
7   chromedriver                        0x00000001008cd0b0 cxxbridge1$string$len + 321668
8   chromedriver                        0x00000001008cdd00 cxxbridge1$string$len + 324820
9   chromedriver                        0x0000000100dfee08 cxxbridge1$str$ptr + 3435328
10  chromedriver                        0x0000000100e02120 cxxbridge1$str$ptr + 3448408
11  chromedriver                        0x0000000100de617c cxxbridge1$str$ptr + 3333812
12  chromedriver                        0x0000000100e029e0 cxxbridge1$str$ptr + 3450648
13  chromedriver                        0x0000000100dd7988 cxxbridge1$str$ptr + 3274432
14  chromedriver                        0x0000000100e1d0f4 cxxbridge1$str$ptr + 3558956
15  chromedriver                        0x0000000100e1d270 cxxbridge1$str$ptr + 3559336
16  chromedriver                        0x0000000100e2bf88 cxxbridge1$str$ptr + 3620032
17  libsystem_pthread.dylib             0x000000019f9df2e4 _pthread_start + 136
18  libsystem_pthread.dylib             0x000000019f9da0fc thread_start + 8

2024-11-23 10:49:23,144 [ERROR] 价格获取失败: Message: javascript error: LavaMoat - property "Window" of globalThis is inaccessible under scuttling mode. To learn more visit https://github.com/LavaMoat/LavaMoat/pull/360.
  (Session info: chrome=131.0.6778.86)
Stacktrace:
0   chromedriver                        0x0000000100e33ac4 cxxbridge1$str$ptr + 3651580
1   chromedriver                        0x0000000100e2c314 cxxbridge1$str$ptr + 3620940
2   chromedriver                        0x00000001008944b4 cxxbridge1$string$len + 89224
3   chromedriver                        0x0000000100899398 cxxbridge1$string$len + 109420
4   chromedriver                        0x000000010089b688 cxxbridge1$string$len + 118364
5   chromedriver                        0x0000000100912950 cxxbridge1$string$len + 606500
6   chromedriver                        0x00000001009120fc cxxbridge1$string$len + 604368
7   chromedriver                        0x00000001008cd0b0 cxxbridge1$string$len + 321668
8   chromedriver                        0x00000001008cdd00 cxxbridge1$string$len + 324820
9   chromedriver                        0x0000000100dfee08 cxxbridge1$str$ptr + 3435328
10  chromedriver                        0x0000000100e02120 cxxbridge1$str$ptr + 3448408
11  chromedriver                        0x0000000100de617c cxxbridge1$str$ptr + 3333812
12  chromedriver                        0x0000000100e029e0 cxxbridge1$str$ptr + 3450648
13  chromedriver                        0x0000000100dd7988 cxxbridge1$str$ptr + 3274432
14  chromedriver                        0x0000000100e1d0f4 cxxbridge1$str$ptr + 3558956
15  chromedriver                        0x0000000100e1d270 cxxbridge1$str$ptr + 3559336
16  chromedriver                        0x0000000100e2bf88 cxxbridge1$str$ptr + 3620032
17  libsystem_pthread.dylib             0x000000019f9df2e4 _pthread_start + 136
18  libsystem_pthread.dylib             0x000000019f9da0fc thread_start + 8
Traceback (most recent call last):
  File "/Users/wuwei/Documents/polymarket/crypto_trader.py", line 830, in check_prices
    prices = self.driver.execute_script("""
  File "/Users/wuwei/Documents/polymarket/venv/lib/python3.9/site-packages/selenium/webdriver/remote/webdriver.py", line 440, in execute_script
    return self.execute(command, {"script": script, "args": converted_args})["value"]
  File "/Users/wuwei/Documents/polymarket/venv/lib/python3.9/site-packages/selenium/webdriver/remote/webdriver.py", line 380, in execute
    self.error_handler.check_response(response)
  File "/Users/wuwei/Documents/polymarket/venv/lib/python3.9/site-packages/selenium/webdriver/remote/errorhandler.py", line 229, in check_response
    raise exception_class(message, screen, stacktrace)
selenium.common.exceptions.JavascriptException: Message: javascript error: LavaMoat - property "Window" of globalThis is inaccessible under scuttling mode. To learn more visit https://github.com/LavaMoat/LavaMoat/pull/360.
  (Session info: chrome=131.0.6778.86)
Stacktrace:
0   chromedriver                        0x0000000100e33ac4 cxxbridge1$str$ptr + 3651580
1   chromedriver                        0x0000000100e2c314 cxxbridge1$str$ptr + 3620940
2   chromedriver                        0x00000001008944b4 cxxbridge1$string$len + 89224
3   chromedriver                        0x0000000100899398 cxxbridge1$string$len + 109420
4   chromedriver                        0x000000010089b688 cxxbridge1$string$len + 118364
5   chromedriver                        0x0000000100912950 cxxbridge1$string$len + 606500
6   chromedriver                        0x00000001009120fc cxxbridge1$string$len + 604368
7   chromedriver                        0x00000001008cd0b0 cxxbridge1$string$len + 321668
8   chromedriver                        0x00000001008cdd00 cxxbridge1$string$len + 324820
9   chromedriver                        0x0000000100dfee08 cxxbridge1$str$ptr + 3435328
10  chromedriver                        0x0000000100e02120 cxxbridge1$str$ptr + 3448408
11  chromedriver                        0x0000000100de617c cxxbridge1$str$ptr + 3333812
12  chromedriver                        0x0000000100e029e0 cxxbridge1$str$ptr + 3450648
13  chromedriver                        0x0000000100dd7988 cxxbridge1$str$ptr + 3274432
14  chromedriver                        0x0000000100e1d0f4 cxxbridge1$str$ptr + 3558956
15  chromedriver                        0x0000000100e1d270 cxxbridge1$str$ptr + 3559336
16  chromedriver                        0x0000000100e2bf88 cxxbridge1$str$ptr + 3620032
17  libsystem_pthread.dylib             0x000000019f9df2e4 _pthread_start + 136
18  libsystem_pthread.dylib             0x000000019f9da0fc thread_start + 8

2024-11-23 10:49:28,246 [WARNING] Retrying (Retry(total=2, connect=None, read=None, redirect=None, status=None)) after connection broken by 'NewConnectionError('<urllib3.connection.HTTPConnection object at 0x11a64b0a0>: Failed to establish a new connection: [Errno 61] Connection refused')': /session/5d7ec9057faa511b2b3a145c186ec013/element
2024-11-23 10:49:28,248 [WARNING] Retrying (Retry(total=1, connect=None, read=None, redirect=None, status=None)) after connection broken by 'NewConnectionError('<urllib3.connection.HTTPConnection object at 0x11a64b250>: Failed to establish a new connection: [Errno 61] Connection refused')': /session/5d7ec9057faa511b2b3a145c186ec013/element
2024-11-23 10:49:28,248 [WARNING] Retrying (Retry(total=0, connect=None, read=None, redirect=None, status=None)) after connection broken by 'NewConnectionError('<urllib3.connection.HTTPConnection object at 0x11a64b400>: Failed to establish a new connection: [Errno 61] Connection refused')': /session/5d7ec9057faa511b2b3a145c186ec013/element
2024-11-23 10:49:28,249 [ERROR] 获取金信息失败: HTTPConnectionPool(host='localhost', port=58929): Max retries exceeded with url: /session/5d7ec9057faa511b2b3a145c186ec013/element (Caused by NewConnectionError('<urllib3.connection.HTTPConnection object at 0x11a64b5b0>: Failed to establish a new connection: [Errno 61] Connection refused'))
Traceback (most recent call last):
  File "/Users/wuwei/Documents/polymarket/venv/lib/python3.9/site-packages/urllib3/connection.py", line 199, in _new_conn
    sock = connection.create_connection(
  File "/Users/wuwei/Documents/polymarket/venv/lib/python3.9/site-packages/urllib3/util/connection.py", line 85, in create_connection
    raise err
  File "/Users/wuwei/Documents/polymarket/venv/lib/python3.9/site-packages/urllib3/util/connection.py", line 73, in create_connection
    sock.connect(sa)
ConnectionRefusedError: [Errno 61] Connection refused

The above exception was the direct cause of the following exception:

Traceback (most recent call last):
  File "/Users/wuwei/Documents/polymarket/venv/lib/python3.9/site-packages/urllib3/connectionpool.py", line 789, in urlopen
    response = self._make_request(
  File "/Users/wuwei/Documents/polymarket/venv/lib/python3.9/site-packages/urllib3/connectionpool.py", line 495, in _make_request
    conn.request(
  File "/Users/wuwei/Documents/polymarket/venv/lib/python3.9/site-packages/urllib3/connection.py", line 441, in request
    self.endheaders()
  File "/opt/homebrew/Cellar/python@3.9/3.9.20/Frameworks/Python.framework/Versions/3.9/lib/python3.9/http/client.py", line 1280, in endheaders
    self._send_output(message_body, encode_chunked=encode_chunked)
  File "/opt/homebrew/Cellar/python@3.9/3.9.20/Frameworks/Python.framework/Versions/3.9/lib/python3.9/http/client.py", line 1040, in _send_output
    self.send(msg)
  File "/opt/homebrew/Cellar/python@3.9/3.9.20/Frameworks/Python.framework/Versions/3.9/lib/python3.9/http/client.py", line 980, in send
    self.connect()
  File "/Users/wuwei/Documents/polymarket/venv/lib/python3.9/site-packages/urllib3/connection.py", line 279, in connect
    self.sock = self._new_conn()
  File "/Users/wuwei/Documents/polymarket/venv/lib/python3.9/site-packages/urllib3/connection.py", line 214, in _new_conn
    raise NewConnectionError(
urllib3.exceptions.NewConnectionError: <urllib3.connection.HTTPConnection object at 0x11a64b5b0>: Failed to establish a new connection: [Errno 61] Connection refused

The above exception was the direct cause of the following exception:

Traceback (most recent call last):
  File "/Users/wuwei/Documents/polymarket/crypto_trader.py", line 1263, in check_balance
    portfolio_element = WebDriverWait(self.driver, 5).until(
  File "/Users/wuwei/Documents/polymarket/venv/lib/python3.9/site-packages/selenium/webdriver/support/wait.py", line 96, in until
    value = method(self._driver)
  File "/Users/wuwei/Documents/polymarket/venv/lib/python3.9/site-packages/selenium/webdriver/support/expected_conditions.py", line 84, in _predicate
    return driver.find_element(*locator)
  File "/Users/wuwei/Documents/polymarket/venv/lib/python3.9/site-packages/selenium/webdriver/remote/webdriver.py", line 766, in find_element
    return self.execute(Command.FIND_ELEMENT, {"using": by, "value": value})["value"]
  File "/Users/wuwei/Documents/polymarket/venv/lib/python3.9/site-packages/selenium/webdriver/remote/webdriver.py", line 378, in execute
    response = self.command_executor.execute(driver_command, params)
  File "/Users/wuwei/Documents/polymarket/venv/lib/python3.9/site-packages/selenium/webdriver/remote/remote_connection.py", line 391, in execute
    return self._request(command_info[0], url, body=data)
  File "/Users/wuwei/Documents/polymarket/venv/lib/python3.9/site-packages/selenium/webdriver/remote/remote_connection.py", line 415, in _request
    response = self._conn.request(method, url, body=body, headers=headers, timeout=self._client_config.timeout)
  File "/Users/wuwei/Documents/polymarket/venv/lib/python3.9/site-packages/urllib3/_request_methods.py", line 143, in request
    return self.request_encode_body(
  File "/Users/wuwei/Documents/polymarket/venv/lib/python3.9/site-packages/urllib3/_request_methods.py", line 278, in request_encode_body
    return self.urlopen(method, url, **extra_kw)
  File "/Users/wuwei/Documents/polymarket/venv/lib/python3.9/site-packages/urllib3/poolmanager.py", line 443, in urlopen
    response = conn.urlopen(method, u.request_uri, **kw)
  File "/Users/wuwei/Documents/polymarket/venv/lib/python3.9/site-packages/urllib3/connectionpool.py", line 873, in urlopen
    return self.urlopen(
  File "/Users/wuwei/Documents/polymarket/venv/lib/python3.9/site-packages/urllib3/connectionpool.py", line 873, in urlopen
    return self.urlopen(
  File "/Users/wuwei/Documents/polymarket/venv/lib/python3.9/site-packages/urllib3/connectionpool.py", line 873, in urlopen
    return self.urlopen(
  File "/Users/wuwei/Documents/polymarket/venv/lib/python3.9/site-packages/urllib3/connectionpool.py", line 843, in urlopen
    retries = retries.increment(
  File "/Users/wuwei/Documents/polymarket/venv/lib/python3.9/site-packages/urllib3/util/retry.py", line 519, in increment
    raise MaxRetryError(_pool, url, reason) from reason  # type: ignore[arg-type]
urllib3.exceptions.MaxRetryError: HTTPConnectionPool(host='localhost', port=58929): Max retries exceeded with url: /session/5d7ec9057faa511b2b3a145c186ec013/element (Caused by NewConnectionError('<urllib3.connection.HTTPConnection object at 0x11a64b5b0>: Failed to establish a new connection: [Errno 61] Connection refused'))
