2024-11-23 10:42:44,569 [INFO] 成功加载配置文件
2024-11-23 10:42:46,926 [ERROR] 加载面失败: Message: javascript error: LavaMoat - property "open" of globalThis is inaccessible under scuttling mode. To learn more visit https://github.com/LavaMoat/LavaMoat/pull/360.
  (Session info: chrome=131.0.6778.86)
Stacktrace:
0   chromedriver                        0x0000000104d17ac4 cxxbridge1$str$ptr + 3651580
1   chromedriver                        0x0000000104d10314 cxxbridge1$str$ptr + 3620940
2   chromedriver                        0x00000001047784b4 cxxbridge1$string$len + 89224
3   chromedriver                        0x000000010477d398 cxxbridge1$string$len + 109420
4   chromedriver                        0x000000010477f688 cxxbridge1$string$len + 118364
5   chromedriver                        0x00000001047f6950 cxxbridge1$string$len + 606500
6   chromedriver                        0x00000001047f60fc cxxbridge1$string$len + 604368
7   chromedriver                        0x00000001047b10b0 cxxbridge1$string$len + 321668
8   chromedriver                        0x00000001047b1d00 cxxbridge1$string$len + 324820
9   chromedriver                        0x0000000104ce2e08 cxxbridge1$str$ptr + 3435328
10  chromedriver                        0x0000000104ce6120 cxxbridge1$str$ptr + 3448408
11  chromedriver                        0x0000000104cca17c cxxbridge1$str$ptr + 3333812
12  chromedriver                        0x0000000104ce69e0 cxxbridge1$str$ptr + 3450648
13  chromedriver                        0x0000000104cbb988 cxxbridge1$str$ptr + 3274432
14  chromedriver                        0x0000000104d010f4 cxxbridge1$str$ptr + 3558956
15  chromedriver                        0x0000000104d01270 cxxbridge1$str$ptr + 3559336
16  chromedriver                        0x0000000104d0ff88 cxxbridge1$str$ptr + 3620032
17  libsystem_pthread.dylib             0x000000019f9df2e4 _pthread_start + 136
18  libsystem_pthread.dylib             0x000000019f9da0fc thread_start + 8
Traceback (most recent call last):
  File "/Users/wuwei/Documents/polymarket/crypto_trader.py", line 787, in monitor_prices
    self.driver.execute_script(f"window.open('{target_url}', '_blank');")
  File "/Users/wuwei/Documents/polymarket/venv/lib/python3.9/site-packages/selenium/webdriver/remote/webdriver.py", line 440, in execute_script
    return self.execute(command, {"script": script, "args": converted_args})["value"]
  File "/Users/wuwei/Documents/polymarket/venv/lib/python3.9/site-packages/selenium/webdriver/remote/webdriver.py", line 380, in execute
    self.error_handler.check_response(response)
  File "/Users/wuwei/Documents/polymarket/venv/lib/python3.9/site-packages/selenium/webdriver/remote/errorhandler.py", line 229, in check_response
    raise exception_class(message, screen, stacktrace)
selenium.common.exceptions.JavascriptException: Message: javascript error: LavaMoat - property "open" of globalThis is inaccessible under scuttling mode. To learn more visit https://github.com/LavaMoat/LavaMoat/pull/360.
  (Session info: chrome=131.0.6778.86)
Stacktrace:
0   chromedriver                        0x0000000104d17ac4 cxxbridge1$str$ptr + 3651580
1   chromedriver                        0x0000000104d10314 cxxbridge1$str$ptr + 3620940
2   chromedriver                        0x00000001047784b4 cxxbridge1$string$len + 89224
3   chromedriver                        0x000000010477d398 cxxbridge1$string$len + 109420
4   chromedriver                        0x000000010477f688 cxxbridge1$string$len + 118364
5   chromedriver                        0x00000001047f6950 cxxbridge1$string$len + 606500
6   chromedriver                        0x00000001047f60fc cxxbridge1$string$len + 604368
7   chromedriver                        0x00000001047b10b0 cxxbridge1$string$len + 321668
8   chromedriver                        0x00000001047b1d00 cxxbridge1$string$len + 324820
9   chromedriver                        0x0000000104ce2e08 cxxbridge1$str$ptr + 3435328
10  chromedriver                        0x0000000104ce6120 cxxbridge1$str$ptr + 3448408
11  chromedriver                        0x0000000104cca17c cxxbridge1$str$ptr + 3333812
12  chromedriver                        0x0000000104ce69e0 cxxbridge1$str$ptr + 3450648
13  chromedriver                        0x0000000104cbb988 cxxbridge1$str$ptr + 3274432
14  chromedriver                        0x0000000104d010f4 cxxbridge1$str$ptr + 3558956
15  chromedriver                        0x0000000104d01270 cxxbridge1$str$ptr + 3559336
16  chromedriver                        0x0000000104d0ff88 cxxbridge1$str$ptr + 3620032
17  libsystem_pthread.dylib             0x000000019f9df2e4 _pthread_start + 136
18  libsystem_pthread.dylib             0x000000019f9da0fc thread_start + 8

2024-11-23 10:42:46,928 [ERROR] 加载页面失败: Message: javascript error: LavaMoat - property "open" of globalThis is inaccessible under scuttling mode. To learn more visit https://github.com/LavaMoat/LavaMoat/pull/360.
  (Session info: chrome=131.0.6778.86)
Stacktrace:
0   chromedriver                        0x0000000104d17ac4 cxxbridge1$str$ptr + 3651580
1   chromedriver                        0x0000000104d10314 cxxbridge1$str$ptr + 3620940
2   chromedriver                        0x00000001047784b4 cxxbridge1$string$len + 89224
3   chromedriver                        0x000000010477d398 cxxbridge1$string$len + 109420
4   chromedriver                        0x000000010477f688 cxxbridge1$string$len + 118364
5   chromedriver                        0x00000001047f6950 cxxbridge1$string$len + 606500
6   chromedriver                        0x00000001047f60fc cxxbridge1$string$len + 604368
7   chromedriver                        0x00000001047b10b0 cxxbridge1$string$len + 321668
8   chromedriver                        0x00000001047b1d00 cxxbridge1$string$len + 324820
9   chromedriver                        0x0000000104ce2e08 cxxbridge1$str$ptr + 3435328
10  chromedriver                        0x0000000104ce6120 cxxbridge1$str$ptr + 3448408
11  chromedriver                        0x0000000104cca17c cxxbridge1$str$ptr + 3333812
12  chromedriver                        0x0000000104ce69e0 cxxbridge1$str$ptr + 3450648
13  chromedriver                        0x0000000104cbb988 cxxbridge1$str$ptr + 3274432
14  chromedriver                        0x0000000104d010f4 cxxbridge1$str$ptr + 3558956
15  chromedriver                        0x0000000104d01270 cxxbridge1$str$ptr + 3559336
16  chromedriver                        0x0000000104d0ff88 cxxbridge1$str$ptr + 3620032
17  libsystem_pthread.dylib             0x000000019f9df2e4 _pthread_start + 136
18  libsystem_pthread.dylib             0x000000019f9da0fc thread_start + 8
Traceback (most recent call last):
  File "/Users/wuwei/Documents/polymarket/crypto_trader.py", line 787, in monitor_prices
    self.driver.execute_script(f"window.open('{target_url}', '_blank');")
  File "/Users/wuwei/Documents/polymarket/venv/lib/python3.9/site-packages/selenium/webdriver/remote/webdriver.py", line 440, in execute_script
    return self.execute(command, {"script": script, "args": converted_args})["value"]
  File "/Users/wuwei/Documents/polymarket/venv/lib/python3.9/site-packages/selenium/webdriver/remote/webdriver.py", line 380, in execute
    self.error_handler.check_response(response)
  File "/Users/wuwei/Documents/polymarket/venv/lib/python3.9/site-packages/selenium/webdriver/remote/errorhandler.py", line 229, in check_response
    raise exception_class(message, screen, stacktrace)
selenium.common.exceptions.JavascriptException: Message: javascript error: LavaMoat - property "open" of globalThis is inaccessible under scuttling mode. To learn more visit https://github.com/LavaMoat/LavaMoat/pull/360.
  (Session info: chrome=131.0.6778.86)
Stacktrace:
0   chromedriver                        0x0000000104d17ac4 cxxbridge1$str$ptr + 3651580
1   chromedriver                        0x0000000104d10314 cxxbridge1$str$ptr + 3620940
2   chromedriver                        0x00000001047784b4 cxxbridge1$string$len + 89224
3   chromedriver                        0x000000010477d398 cxxbridge1$string$len + 109420
4   chromedriver                        0x000000010477f688 cxxbridge1$string$len + 118364
5   chromedriver                        0x00000001047f6950 cxxbridge1$string$len + 606500
6   chromedriver                        0x00000001047f60fc cxxbridge1$string$len + 604368
7   chromedriver                        0x00000001047b10b0 cxxbridge1$string$len + 321668
8   chromedriver                        0x00000001047b1d00 cxxbridge1$string$len + 324820
9   chromedriver                        0x0000000104ce2e08 cxxbridge1$str$ptr + 3435328
10  chromedriver                        0x0000000104ce6120 cxxbridge1$str$ptr + 3448408
11  chromedriver                        0x0000000104cca17c cxxbridge1$str$ptr + 3333812
12  chromedriver                        0x0000000104ce69e0 cxxbridge1$str$ptr + 3450648
13  chromedriver                        0x0000000104cbb988 cxxbridge1$str$ptr + 3274432
14  chromedriver                        0x0000000104d010f4 cxxbridge1$str$ptr + 3558956
15  chromedriver                        0x0000000104d01270 cxxbridge1$str$ptr + 3559336
16  chromedriver                        0x0000000104d0ff88 cxxbridge1$str$ptr + 3620032
17  libsystem_pthread.dylib             0x000000019f9df2e4 _pthread_start + 136
18  libsystem_pthread.dylib             0x000000019f9da0fc thread_start + 8

